"a","Outside edit","","","1663380930676",".gitignore","1.1.2 for 2021-2022 @t1","0"
"a","Outside edit","","","1663380930676","ex0.py","1.1.2 for 2021-2022 @t1","0"
"a","Outside edit","","","1663380930676","ex1.py","1.1.2 for 2021-2022 @t1","0"
"a","Outside edit","","","1663380930676","ex2.py","1.1.2 for 2021-2022 @t1","0"
"a","Outside edit","","","1663380930676","ex3.py","1.1.2 for 2021-2022 @t1","0"
"a","Outside edit","","","1663380930676","ex0.py","1.1.2 for 2021-2022 @t1","0"
"a","Outside edit","","","1663380930677","runTests.py","1.1.2 for 2021-2022 @t1","0"
"a","Outside edit","","","1663380930677","ex1.py","1.1.2 for 2021-2022 @t1","0"
"a","Outside edit","","","1663380930677","ex2.py","1.1.2 for 2021-2022 @t1","0"
"a","Outside edit","","","1663380930677","testEX2.py","1.1.2 for 2021-2022 @t1","0"
"a","Outside edit","","","1663380930677","ex3.py","1.1.2 for 2021-2022 @t1","0"
"a","Outside edit","","","1663380930677","Plan.md","1.1.2 for 2021-2022 @t1","0"
"a","Outside edit","","","1663380930677","ex0.py","1.1.2 for 2021-2022 @t1","0"
"a","Outside edit","","","1663380930677","ex1.py","1.1.2 for 2021-2022 @t1","0"
"a","Outside edit","","","1663380930677","ex2.py","1.1.2 for 2021-2022 @t1","0"
"a","Outside edit","","","1663380930677","Signature.md","1.1.2 for 2021-2022 @t1","0"
"a","Outside edit","","","1663380930678","duckieDecrypter.py","1.1.2 for 2021-2022 @t1","0"
"a","Outside edit","","","1663380930678","secret2.txt","1.1.2 for 2021-2022 @t1","0"
"a","ShowYourWork Init","","","000","ShowYourWork Init","1.1.2 for 2021-2022 @t1","0"
"a","ShowYourWork Init","","","000","ShowYourWork Init","1.1.2 for 2021-2022 @t1","1"
