"a","ShowYourWork Init","","","000","ShowYourWork Init","1.1.2 for 2021-2022 @t1","0"
"a","Enter",,,"94801","Main.py","1.1.2 for 2021-2022 @t1","0"
"e","
","","0","94854","Main.py","1.1.2 for 2021-2022 @t1","0"
"e","9","","1","95142","Main.py","1.1.2 for 2021-2022 @t1","0"
"k","9",,"2","95160","Main.py","1.1.2 for 2021-2022 @t1","0"
"a","Backspace",,,"96522","Main.py","1.1.2 for 2021-2022 @t1","0"
"e","","9","1","96536","Main.py","1.1.2 for 2021-2022 @t1","0"
"e","(","","1","97984","Main.py","1.1.2 for 2021-2022 @t1","0"
"e",")","","2","97988","Main.py","1.1.2 for 2021-2022 @t1","0"
"k","(",,"2","98015","Main.py","1.1.2 for 2021-2022 @t1","0"
"e","""","","2","99443","Main.py","1.1.2 for 2021-2022 @t1","0"
"e","""","","3","99448","Main.py","1.1.2 for 2021-2022 @t1","0"
"k","""",,"3","99449","Main.py","1.1.2 for 2021-2022 @t1","0"
"e","H","","3","101430","Main.py","1.1.2 for 2021-2022 @t1","0"
"k","H",,"4","101432","Main.py","1.1.2 for 2021-2022 @t1","0"
"e"," ","","4","101607","Main.py","1.1.2 for 2021-2022 @t1","0"
"e",""," ","4","101782","Main.py","1.1.2 for 2021-2022 @t1","0"
"e","e","","4","101783","Main.py","1.1.2 for 2021-2022 @t1","0"
"k","e",,"5","101783","Main.py","1.1.2 for 2021-2022 @t1","0"
"e","l","","5","102099","Main.py","1.1.2 for 2021-2022 @t1","0"
"k","l",,"6","102100","Main.py","1.1.2 for 2021-2022 @t1","0"
"e","l","","6","102276","Main.py","1.1.2 for 2021-2022 @t1","0"
"k","l",,"7","102277","Main.py","1.1.2 for 2021-2022 @t1","0"
"e","o","","7","102507","Main.py","1.1.2 for 2021-2022 @t1","0"
"k","o",,"8","102508","Main.py","1.1.2 for 2021-2022 @t1","0"
"e",",","","8","103573","Main.py","1.1.2 for 2021-2022 @t1","0"
"k",",",,"9","103574","Main.py","1.1.2 for 2021-2022 @t1","0"
"e"," ","","9","103661","Main.py","1.1.2 for 2021-2022 @t1","0"
"k"," ",,"10","103662","Main.py","1.1.2 for 2021-2022 @t1","0"
"e","m","","10","103899","Main.py","1.1.2 for 2021-2022 @t1","0"
"k","m",,"11","103900","Main.py","1.1.2 for 2021-2022 @t1","0"
"e"," ","","11","103915","Main.py","1.1.2 for 2021-2022 @t1","0"
"e",""," ","11","104555","Main.py","1.1.2 for 2021-2022 @t1","0"
"e","y","","11","104556","Main.py","1.1.2 for 2021-2022 @t1","0"
"k","y",,"12","104556","Main.py","1.1.2 for 2021-2022 @t1","0"
"e"," ","","12","104835","Main.py","1.1.2 for 2021-2022 @t1","0"
"k"," ",,"13","104837","Main.py","1.1.2 for 2021-2022 @t1","0"
"e","n","","13","105235","Main.py","1.1.2 for 2021-2022 @t1","0"
"k","n",,"14","105236","Main.py","1.1.2 for 2021-2022 @t1","0"
"e"," ","","14","105257","Main.py","1.1.2 for 2021-2022 @t1","0"
"e",""," ","14","105354","Main.py","1.1.2 for 2021-2022 @t1","0"
"e","a","","14","105355","Main.py","1.1.2 for 2021-2022 @t1","0"
"k","a",,"15","105355","Main.py","1.1.2 for 2021-2022 @t1","0"
"e","m","","15","105475","Main.py","1.1.2 for 2021-2022 @t1","0"
"k","m",,"16","105476","Main.py","1.1.2 for 2021-2022 @t1","0"
"e","e","","16","105623","Main.py","1.1.2 for 2021-2022 @t1","0"
"k","e",,"17","105623","Main.py","1.1.2 for 2021-2022 @t1","0"
"e"," ","","17","105716","Main.py","1.1.2 for 2021-2022 @t1","0"
"k"," ",,"18","105716","Main.py","1.1.2 for 2021-2022 @t1","0"
"e","i","","18","105855","Main.py","1.1.2 for 2021-2022 @t1","0"
"k","i",,"19","105856","Main.py","1.1.2 for 2021-2022 @t1","0"
"e"," ","","19","105872","Main.py","1.1.2 for 2021-2022 @t1","0"
"e",""," ","19","105961","Main.py","1.1.2 for 2021-2022 @t1","0"
"e","s","","19","105962","Main.py","1.1.2 for 2021-2022 @t1","0"
"k","s",,"20","105962","Main.py","1.1.2 for 2021-2022 @t1","0"
"e"," ","","20","106043","Main.py","1.1.2 for 2021-2022 @t1","0"
"k"," ",,"21","106044","Main.py","1.1.2 for 2021-2022 @t1","0"
"e","P","","21","106632","Main.py","1.1.2 for 2021-2022 @t1","0"
"k","P",,"22","106633","Main.py","1.1.2 for 2021-2022 @t1","0"
"e"," ","","22","106654","Main.py","1.1.2 for 2021-2022 @t1","0"
"e",""," ","22","106858","Main.py","1.1.2 for 2021-2022 @t1","0"
"e","a","","22","106859","Main.py","1.1.2 for 2021-2022 @t1","0"
"k","a",,"23","106859","Main.py","1.1.2 for 2021-2022 @t1","0"
"e","i","","23","106956","Main.py","1.1.2 for 2021-2022 @t1","0"
"k","i",,"24","106956","Main.py","1.1.2 for 2021-2022 @t1","0"
"e","g","","24","107218","Main.py","1.1.2 for 2021-2022 @t1","0"
"k","g",,"25","107219","Main.py","1.1.2 for 2021-2022 @t1","0"
"e","e","","25","107342","Main.py","1.1.2 for 2021-2022 @t1","0"
"k","e",,"26","107343","Main.py","1.1.2 for 2021-2022 @t1","0"
"e"," ","","26","107443","Main.py","1.1.2 for 2021-2022 @t1","0"
"k"," ",,"27","107444","Main.py","1.1.2 for 2021-2022 @t1","0"
"e","D","","27","107764","Main.py","1.1.2 for 2021-2022 @t1","0"
"k","D",,"28","107765","Main.py","1.1.2 for 2021-2022 @t1","0"
"e"," ","","28","107784","Main.py","1.1.2 for 2021-2022 @t1","0"
"e",""," ","28","107963","Main.py","1.1.2 for 2021-2022 @t1","0"
"e","a","","28","107964","Main.py","1.1.2 for 2021-2022 @t1","0"
"k","a",,"29","107964","Main.py","1.1.2 for 2021-2022 @t1","0"
"e","v","","29","108050","Main.py","1.1.2 for 2021-2022 @t1","0"
"k","v",,"30","108051","Main.py","1.1.2 for 2021-2022 @t1","0"
"e","i","","30","108310","Main.py","1.1.2 for 2021-2022 @t1","0"
"k","i",,"31","108311","Main.py","1.1.2 for 2021-2022 @t1","0"
"e","s","","31","108456","Main.py","1.1.2 for 2021-2022 @t1","0"
"k","s",,"32","108457","Main.py","1.1.2 for 2021-2022 @t1","0"
"a","Backspace",,,"109060","Main.py","1.1.2 for 2021-2022 @t1","0"
"e","","s","31","109064","Main.py","1.1.2 for 2021-2022 @t1","0"
"e","d","","31","109734","Main.py","1.1.2 for 2021-2022 @t1","0"
"k","d",,"32","109735","Main.py","1.1.2 for 2021-2022 @t1","0"
"e"," ","","32","109755","Main.py","1.1.2 for 2021-2022 @t1","0"
"e",""," ","32","110186","Main.py","1.1.2 for 2021-2022 @t1","0"
"e","s","","32","110187","Main.py","1.1.2 for 2021-2022 @t1","0"
"k","s",,"33","110187","Main.py","1.1.2 for 2021-2022 @t1","0"
"e","o","","33","110314","Main.py","1.1.2 for 2021-2022 @t1","0"
"k","o",,"34","110315","Main.py","1.1.2 for 2021-2022 @t1","0"
"e","n","","34","110396","Main.py","1.1.2 for 2021-2022 @t1","0"
"k","n",,"35","110396","Main.py","1.1.2 for 2021-2022 @t1","0"
"r","Start",,,"173242","Main.py","1.1.2 for 2021-2022 @t1","0"
"r","Exit","0",,"173243","Main.py","1.1.2 for 2021-2022 @t1","0"
"r","Start",,,"195474","Main.py","1.1.2 for 2021-2022 @t1","0"
"r","Exit","0",,"195475","Main.py","1.1.2 for 2021-2022 @t1","0"
"a","EditorChange",,,"204906","Main.py","1.1.2 for 2021-2022 @t1","0"
"e","(","","0","211382","Main.py","1.1.2 for 2021-2022 @t1","0"
"e",")","","1","211384","Main.py","1.1.2 for 2021-2022 @t1","0"
"k","(",,"1","211389","Main.py","1.1.2 for 2021-2022 @t1","0"
"e","""","","1","212345","Main.py","1.1.2 for 2021-2022 @t1","0"
"e","""","","2","212348","Main.py","1.1.2 for 2021-2022 @t1","0"
"k","""",,"2","212348","Main.py","1.1.2 for 2021-2022 @t1","0"
"e","h","","2","213318","Main.py","1.1.2 for 2021-2022 @t1","0"
"k","h",,"3","213319","Main.py","1.1.2 for 2021-2022 @t1","0"
"e"," ","","3","213336","Main.py","1.1.2 for 2021-2022 @t1","0"
"a","Backspace",,,"213920","Main.py","1.1.2 for 2021-2022 @t1","0"
"e","","h ","2","213923","Main.py","1.1.2 for 2021-2022 @t1","0"
"e","H","","2","215408","Main.py","1.1.2 for 2021-2022 @t1","0"
"k","H",,"3","215410","Main.py","1.1.2 for 2021-2022 @t1","0"
"e"," ","","3","215437","Main.py","1.1.2 for 2021-2022 @t1","0"
"e",""," ","3","215824","Main.py","1.1.2 for 2021-2022 @t1","0"
"e","e","","3","215825","Main.py","1.1.2 for 2021-2022 @t1","0"
"k","e",,"4","215825","Main.py","1.1.2 for 2021-2022 @t1","0"
"e","l","","4","215925","Main.py","1.1.2 for 2021-2022 @t1","0"
"k","l",,"5","215925","Main.py","1.1.2 for 2021-2022 @t1","0"
"e","l","","5","216081","Main.py","1.1.2 for 2021-2022 @t1","0"
"k","l",,"6","216081","Main.py","1.1.2 for 2021-2022 @t1","0"
"e","o","","6","216272","Main.py","1.1.2 for 2021-2022 @t1","0"
"k","o",,"7","216273","Main.py","1.1.2 for 2021-2022 @t1","0"
"e"," ","","7","216493","Main.py","1.1.2 for 2021-2022 @t1","0"
"k"," ",,"8","216493","Main.py","1.1.2 for 2021-2022 @t1","0"
"a","Backspace",,,"217171","Main.py","1.1.2 for 2021-2022 @t1","0"
"e",""," ","7","217173","Main.py","1.1.2 for 2021-2022 @t1","0"
"e",",","","7","217828","Main.py","1.1.2 for 2021-2022 @t1","0"
"k",",",,"8","217829","Main.py","1.1.2 for 2021-2022 @t1","0"
"e"," ","","8","217931","Main.py","1.1.2 for 2021-2022 @t1","0"
"k"," ",,"9","217932","Main.py","1.1.2 for 2021-2022 @t1","0"
"e","M","","9","218289","Main.py","1.1.2 for 2021-2022 @t1","0"
"k","M",,"10","218289","Main.py","1.1.2 for 2021-2022 @t1","0"
"e"," ","","10","218306","Main.py","1.1.2 for 2021-2022 @t1","0"
"a","Backspace",,,"219431","Main.py","1.1.2 for 2021-2022 @t1","0"
"e",""," M","8","219435","Main.py","1.1.2 for 2021-2022 @t1","0"
"e","m","","9","220025","Main.py","1.1.2 for 2021-2022 @t1","0"
"k","m",,"10","220026","Main.py","1.1.2 for 2021-2022 @t1","0"
"e"," ","","10","220045","Main.py","1.1.2 for 2021-2022 @t1","0"
"e",""," ","10","220260","Main.py","1.1.2 for 2021-2022 @t1","0"
"e","y","","10","220261","Main.py","1.1.2 for 2021-2022 @t1","0"
"k","y",,"11","220261","Main.py","1.1.2 for 2021-2022 @t1","0"
"e"," ","","11","220406","Main.py","1.1.2 for 2021-2022 @t1","0"
"k"," ",,"12","220407","Main.py","1.1.2 for 2021-2022 @t1","0"
"e","n","","12","220638","Main.py","1.1.2 for 2021-2022 @t1","0"
"k","n",,"13","220639","Main.py","1.1.2 for 2021-2022 @t1","0"
"e"," ","","13","220657","Main.py","1.1.2 for 2021-2022 @t1","0"
"e",""," ","13","220742","Main.py","1.1.2 for 2021-2022 @t1","0"
"e","a","","13","220743","Main.py","1.1.2 for 2021-2022 @t1","0"
"k","a",,"14","220743","Main.py","1.1.2 for 2021-2022 @t1","0"
"e","m","","14","220840","Main.py","1.1.2 for 2021-2022 @t1","0"
"k","m",,"15","220841","Main.py","1.1.2 for 2021-2022 @t1","0"
"e","e","","15","220985","Main.py","1.1.2 for 2021-2022 @t1","0"
"k","e",,"16","220986","Main.py","1.1.2 for 2021-2022 @t1","0"
"e"," ","","16","221070","Main.py","1.1.2 for 2021-2022 @t1","0"
"k"," ",,"17","221071","Main.py","1.1.2 for 2021-2022 @t1","0"
"e","i","","17","221184","Main.py","1.1.2 for 2021-2022 @t1","0"
"k","i",,"18","221185","Main.py","1.1.2 for 2021-2022 @t1","0"
"e"," ","","18","221203","Main.py","1.1.2 for 2021-2022 @t1","0"
"e",""," ","18","221264","Main.py","1.1.2 for 2021-2022 @t1","0"
"e","s","","18","221265","Main.py","1.1.2 for 2021-2022 @t1","0"
"k","s",,"19","221265","Main.py","1.1.2 for 2021-2022 @t1","0"
"e"," ","","19","221373","Main.py","1.1.2 for 2021-2022 @t1","0"
"k"," ",,"20","221374","Main.py","1.1.2 for 2021-2022 @t1","0"
"e","P","","20","221798","Main.py","1.1.2 for 2021-2022 @t1","0"
"k","P",,"21","221799","Main.py","1.1.2 for 2021-2022 @t1","0"
"e"," ","","21","221817","Main.py","1.1.2 for 2021-2022 @t1","0"
"e",""," ","21","222028","Main.py","1.1.2 for 2021-2022 @t1","0"
"e","a","","21","222029","Main.py","1.1.2 for 2021-2022 @t1","0"
"k","a",,"22","222028","Main.py","1.1.2 for 2021-2022 @t1","0"
"e","i","","22","222120","Main.py","1.1.2 for 2021-2022 @t1","0"
"k","i",,"23","222120","Main.py","1.1.2 for 2021-2022 @t1","0"
"e","g","","23","222339","Main.py","1.1.2 for 2021-2022 @t1","0"
"k","g",,"24","222339","Main.py","1.1.2 for 2021-2022 @t1","0"
"e","e","","24","222433","Main.py","1.1.2 for 2021-2022 @t1","0"
"k","e",,"25","222434","Main.py","1.1.2 for 2021-2022 @t1","0"
"e"," ","","25","222547","Main.py","1.1.2 for 2021-2022 @t1","0"
"k"," ",,"26","222548","Main.py","1.1.2 for 2021-2022 @t1","0"
"e","D","","26","222824","Main.py","1.1.2 for 2021-2022 @t1","0"
"k","D",,"27","222824","Main.py","1.1.2 for 2021-2022 @t1","0"
"e"," ","","27","222842","Main.py","1.1.2 for 2021-2022 @t1","0"
"e",""," ","27","223014","Main.py","1.1.2 for 2021-2022 @t1","0"
"e","a","","27","223015","Main.py","1.1.2 for 2021-2022 @t1","0"
"k","a",,"28","223015","Main.py","1.1.2 for 2021-2022 @t1","0"
"e","v","","28","223139","Main.py","1.1.2 for 2021-2022 @t1","0"
"k","v",,"29","223139","Main.py","1.1.2 for 2021-2022 @t1","0"
"e","i","","29","223390","Main.py","1.1.2 for 2021-2022 @t1","0"
"k","i",,"30","223391","Main.py","1.1.2 for 2021-2022 @t1","0"
"e","d","","30","223507","Main.py","1.1.2 for 2021-2022 @t1","0"
"k","d",,"31","223509","Main.py","1.1.2 for 2021-2022 @t1","0"
"e","s","","31","223601","Main.py","1.1.2 for 2021-2022 @t1","0"
"k","s",,"32","223602","Main.py","1.1.2 for 2021-2022 @t1","0"
"e","o","","32","223662","Main.py","1.1.2 for 2021-2022 @t1","0"
"k","o",,"33","223662","Main.py","1.1.2 for 2021-2022 @t1","0"
"e","n","","33","223758","Main.py","1.1.2 for 2021-2022 @t1","0"
"k","n",,"34","223758","Main.py","1.1.2 for 2021-2022 @t1","0"
"a","Backspace",,,"228098","Main.py","1.1.2 for 2021-2022 @t1","0"
"e","","(""Hello, my name is Paige Davidson"")","37","228103","Main.py","1.1.2 for 2021-2022 @t1","0"
"a","Backspace",,,"229233","Main.py","1.1.2 for 2021-2022 @t1","0"
"e","","
","36","229236","Main.py","1.1.2 for 2021-2022 @t1","0"
"r","Start",,,"235840","Main.py","1.1.2 for 2021-2022 @t1","0"
"r","Exit","0",,"235840","Main.py","1.1.2 for 2021-2022 @t1","0"
"a","Next Highlighted Error",,,"250156","Main.py","1.1.2 for 2021-2022 @t1","0"
"e","P","","0","277082","Main.py","1.1.2 for 2021-2022 @t1","0"
"k","P",,"1","277083","Main.py","1.1.2 for 2021-2022 @t1","0"
"e"," ","","1","277140","Main.py","1.1.2 for 2021-2022 @t1","0"
"e",""," ","1","277435","Main.py","1.1.2 for 2021-2022 @t1","0"
"e","r","","1","277436","Main.py","1.1.2 for 2021-2022 @t1","0"
"k","r",,"2","277438","Main.py","1.1.2 for 2021-2022 @t1","0"
"e"," ","","2","277448","Main.py","1.1.2 for 2021-2022 @t1","0"
"e",""," ","2","277591","Main.py","1.1.2 for 2021-2022 @t1","0"
"e","i","","2","277592","Main.py","1.1.2 for 2021-2022 @t1","0"
"k","i",,"3","277591","Main.py","1.1.2 for 2021-2022 @t1","0"
"e"," ","","3","277598","Main.py","1.1.2 for 2021-2022 @t1","0"
"e",""," ","3","277615","Main.py","1.1.2 for 2021-2022 @t1","0"
"e","n","","3","277616","Main.py","1.1.2 for 2021-2022 @t1","0"
"k","n",,"4","277616","Main.py","1.1.2 for 2021-2022 @t1","0"
"e"," ","","4","277627","Main.py","1.1.2 for 2021-2022 @t1","0"
"e",""," ","4","277761","Main.py","1.1.2 for 2021-2022 @t1","0"
"e","t","","4","277762","Main.py","1.1.2 for 2021-2022 @t1","0"
"k","t",,"5","277762","Main.py","1.1.2 for 2021-2022 @t1","0"
"r","Start",,,"282190","Main.py","1.1.2 for 2021-2022 @t1","0"
"r","Exit","1",,"282190","Main.py","1.1.2 for 2021-2022 @t1","0"
"a","Backspace",,,"290839","Main.py","1.1.2 for 2021-2022 @t1","0"
"e","","P","0","290843","Main.py","1.1.2 for 2021-2022 @t1","0"
"e","p","","0","291109","Main.py","1.1.2 for 2021-2022 @t1","0"
"k","p",,"1","291110","Main.py","1.1.2 for 2021-2022 @t1","0"
"e"," ","","1","291136","Main.py","1.1.2 for 2021-2022 @t1","0"
"r","Start",,,"296507","Main.py","1.1.2 for 2021-2022 @t1","0"
"r","Exit","0",,"296507","Main.py","1.1.2 for 2021-2022 @t1","0"
"a","Undefined",,,"68340546","Main.py","1.1.2 for 2021-2022 @t1","0"
"a","Undefined",,,"68340587","Main.py","1.1.2 for 2021-2022 @t1","0"
