"a","ShowYourWork Init","","","000","ShowYourWork Init","1.1.2 for 2021-2022 @t1","0"
"a","ShowYourWork Init","","","000","ShowYourWork Init","1.1.2 for 2021-2022 @t1","1"
"e","# Paige Davidson
# CS1400 - MO1
# Assignment ??
","","0","14426","#3.py","1.1.2 for 2021-2022 @t1","1"
"a","Enter",,,"18065","#3.py","1.1.2 for 2021-2022 @t1","1"
"e","
","","48","18118","#3.py","1.1.2 for 2021-2022 @t1","1"
"a","Enter",,,"19795","#3.py","1.1.2 for 2021-2022 @t1","1"
"e","
","","49","19800","#3.py","1.1.2 for 2021-2022 @t1","1"
"a","Paste",,,"29942","#3.py","1.1.2 for 2021-2022 @t1","1"
"p","class A:
    def __init__(self):
        self.x = 1
        self.__y = 2
 
    def getY(self):
        return self.__y

a = A()
print(a.__y)",,"49","30053","#3.py","1.1.2 for 2021-2022 @t1","1"
"e","class A:
    def __init__(self):
        self.x = 1
        self.__y = 2

    def getY(self):
        return self.__y

a = A()
print(a.__y)","","49","30073","#3.py","1.1.2 for 2021-2022 @t1","1"
"e","
","","168","30126","#3.py","1.1.2 for 2021-2022 @t1","1"
"r","Start",,,"38747","#3.py","1.1.2 for 2021-2022 @t1","1"
"r","Exit","1",,"38747","#3.py","1.1.2 for 2021-2022 @t1","1"
"a","Close Active Editor",,,"47627706","#3.py","1.1.2 for 2021-2022 @t1","1"
"a","ShowYourWork Init","","","000","ShowYourWork Init","1.1.2 for 2021-2022 @t1","2"
"a","Backspace",,,"10166","#3.py","1.1.2 for 2021-2022 @t1","2"
"e","","class A:
    def __init__(self):
        self.x = 1
        self.__y = 2

    def getY(self):
        return self.__y


a = A()
print(a.__y)","49","10193","#3.py","1.1.2 for 2021-2022 @t1","2"
"a","Paste",,,"18401","#3.py","1.1.2 for 2021-2022 @t1","2"
"p","def func(values):
    values[1] = ""Cat""

lst = [1, 2, 3, 4, 5]
func(lst)
print(lst)",,"49","18517","#3.py","1.1.2 for 2021-2022 @t1","2"
"e","def func(values):
    values[1] = ""Cat""

lst = [1, 2, 3, 4, 5]
func(lst)
print(lst)","","49","18529","#3.py","1.1.2 for 2021-2022 @t1","2"
"r","Start",,,"22473","#3.py","1.1.2 for 2021-2022 @t1","2"
"r","Exit","0",,"22474","#3.py","1.1.2 for 2021-2022 @t1","2"
"a","Enter",,,"182809","#3.py","1.1.2 for 2021-2022 @t1","2"
"e","
","","133","182881","#3.py","1.1.2 for 2021-2022 @t1","2"
"e","f","","134","183940","#3.py","1.1.2 for 2021-2022 @t1","2"
"k","f",,"135","183947","#3.py","1.1.2 for 2021-2022 @t1","2"
"e","o","","135","183965","#3.py","1.1.2 for 2021-2022 @t1","2"
"k","o",,"136","183966","#3.py","1.1.2 for 2021-2022 @t1","2"
"e","r","","136","184059","#3.py","1.1.2 for 2021-2022 @t1","2"
"k","r",,"137","184060","#3.py","1.1.2 for 2021-2022 @t1","2"
"e"," ","","137","184339","#3.py","1.1.2 for 2021-2022 @t1","2"
"k"," ",,"138","184340","#3.py","1.1.2 for 2021-2022 @t1","2"
"e","i","","138","184392","#3.py","1.1.2 for 2021-2022 @t1","2"
"k","i",,"139","184392","#3.py","1.1.2 for 2021-2022 @t1","2"
"e"," ","","139","184427","#3.py","1.1.2 for 2021-2022 @t1","2"
"e",""," ","139","184822","#3.py","1.1.2 for 2021-2022 @t1","2"
"e","n","","139","184823","#3.py","1.1.2 for 2021-2022 @t1","2"
"k","n",,"140","184835","#3.py","1.1.2 for 2021-2022 @t1","2"
"e"," ","","140","184985","#3.py","1.1.2 for 2021-2022 @t1","2"
"k"," ",,"141","184986","#3.py","1.1.2 for 2021-2022 @t1","2"
"e","i","","141","185176","#3.py","1.1.2 for 2021-2022 @t1","2"
"k","i",,"142","185177","#3.py","1.1.2 for 2021-2022 @t1","2"
"e"," ","","142","185198","#3.py","1.1.2 for 2021-2022 @t1","2"
"e",""," ","142","185262","#3.py","1.1.2 for 2021-2022 @t1","2"
"e","n","","142","185263","#3.py","1.1.2 for 2021-2022 @t1","2"
"k","n",,"143","185263","#3.py","1.1.2 for 2021-2022 @t1","2"
"e"," ","","143","185288","#3.py","1.1.2 for 2021-2022 @t1","2"
"e",""," ","143","185444","#3.py","1.1.2 for 2021-2022 @t1","2"
"e"," ","","143","185460","#3.py","1.1.2 for 2021-2022 @t1","2"
"k"," ",,"144","185460","#3.py","1.1.2 for 2021-2022 @t1","2"
"a","Backspace",,,"185942","#3.py","1.1.2 for 2021-2022 @t1","2"
"e",""," ","143","185960","#3.py","1.1.2 for 2021-2022 @t1","2"
"a","Backspace",,,"186101","#3.py","1.1.2 for 2021-2022 @t1","2"
"e","","n","142","186105","#3.py","1.1.2 for 2021-2022 @t1","2"
"a","Backspace",,,"186256","#3.py","1.1.2 for 2021-2022 @t1","2"
"e","","i","141","186259","#3.py","1.1.2 for 2021-2022 @t1","2"
"a","Backspace",,,"186415","#3.py","1.1.2 for 2021-2022 @t1","2"
"e",""," ","140","186417","#3.py","1.1.2 for 2021-2022 @t1","2"
"a","Backspace",,,"186577","#3.py","1.1.2 for 2021-2022 @t1","2"
"e","","n","139","186580","#3.py","1.1.2 for 2021-2022 @t1","2"
"e"," ","","139","187078","#3.py","1.1.2 for 2021-2022 @t1","2"
"k"," ",,"140","187078","#3.py","1.1.2 for 2021-2022 @t1","2"
"e","i","","140","187297","#3.py","1.1.2 for 2021-2022 @t1","2"
"k","i",,"141","187298","#3.py","1.1.2 for 2021-2022 @t1","2"
"e","n","","139","187322","#3.py","1.1.2 for 2021-2022 @t1","2"
"e"," ","","142","187323","#3.py","1.1.2 for 2021-2022 @t1","2"
"e","","n","139","187322","#3.py","1.1.2 for 2021-2022 @t1","2"
"e",""," ","141","187380","#3.py","1.1.2 for 2021-2022 @t1","2"
"e","n","","141","187381","#3.py","1.1.2 for 2021-2022 @t1","2"
"k","n",,"142","187381","#3.py","1.1.2 for 2021-2022 @t1","2"
"e"," ","","142","187395","#3.py","1.1.2 for 2021-2022 @t1","2"
"e",""," ","142","187558","#3.py","1.1.2 for 2021-2022 @t1","2"
"e"," ","","142","187583","#3.py","1.1.2 for 2021-2022 @t1","2"
"k"," ",,"143","187584","#3.py","1.1.2 for 2021-2022 @t1","2"
"e","l","","143","187942","#3.py","1.1.2 for 2021-2022 @t1","2"
"k","l",,"144","187942","#3.py","1.1.2 for 2021-2022 @t1","2"
"e"," ","","144","187962","#3.py","1.1.2 for 2021-2022 @t1","2"
"e",""," ","144","188125","#3.py","1.1.2 for 2021-2022 @t1","2"
"e","e","","144","188126","#3.py","1.1.2 for 2021-2022 @t1","2"
"k","e",,"145","188138","#3.py","1.1.2 for 2021-2022 @t1","2"
"e","n","","145","188196","#3.py","1.1.2 for 2021-2022 @t1","2"
"k","n",,"146","188206","#3.py","1.1.2 for 2021-2022 @t1","2"
"e"," ","","146","188230","#3.py","1.1.2 for 2021-2022 @t1","2"
"a","Backspace",,,"189812","#3.py","1.1.2 for 2021-2022 @t1","2"
"e","","n ","145","189816","#3.py","1.1.2 for 2021-2022 @t1","2"
"e"," ","","145","189857","#3.py","1.1.2 for 2021-2022 @t1","2"
"a","Backspace",,,"189971","#3.py","1.1.2 for 2021-2022 @t1","2"
"e","","e ","144","189975","#3.py","1.1.2 for 2021-2022 @t1","2"
"e"," ","","144","190021","#3.py","1.1.2 for 2021-2022 @t1","2"
"a","Backspace",,,"190183","#3.py","1.1.2 for 2021-2022 @t1","2"
"e","","l ","143","190184","#3.py","1.1.2 for 2021-2022 @t1","2"
"e","l","","143","195366","#3.py","1.1.2 for 2021-2022 @t1","2"
"k","l",,"144","195367","#3.py","1.1.2 for 2021-2022 @t1","2"
"e","i","","144","195564","#3.py","1.1.2 for 2021-2022 @t1","2"
"k","i",,"145","195575","#3.py","1.1.2 for 2021-2022 @t1","2"
"e","s","","145","195674","#3.py","1.1.2 for 2021-2022 @t1","2"
"k","s",,"146","195686","#3.py","1.1.2 for 2021-2022 @t1","2"
"e","t","","146","195890","#3.py","1.1.2 for 2021-2022 @t1","2"
"k","t",,"147","195899","#3.py","1.1.2 for 2021-2022 @t1","2"
"e",":","","147","196985","#3.py","1.1.2 for 2021-2022 @t1","2"
"k",":",,"148","196986","#3.py","1.1.2 for 2021-2022 @t1","2"
"a","Enter",,,"197322","#3.py","1.1.2 for 2021-2022 @t1","2"
"e","
","","148","197332","#3.py","1.1.2 for 2021-2022 @t1","2"
"e","    ","","149","197372","#3.py","1.1.2 for 2021-2022 @t1","2"
"e","1","","147","201551","#3.py","1.1.2 for 2021-2022 @t1","2"
"k","1",,"148","201553","#3.py","1.1.2 for 2021-2022 @t1","2"
"e","","ist1","144","201578","#3.py","1.1.2 for 2021-2022 @t1","2"
"e"," ","","144","201579","#3.py","1.1.2 for 2021-2022 @t1","2"
"e","ist1","","144","201578","#3.py","1.1.2 for 2021-2022 @t1","2"
"a","Backspace",,,"204452","#3.py","1.1.2 for 2021-2022 @t1","2"
"e","","1 ","147","204456","#3.py","1.1.2 for 2021-2022 @t1","2"
"a","Backspace",,,"204631","#3.py","1.1.2 for 2021-2022 @t1","2"
"e","","t","146","204634","#3.py","1.1.2 for 2021-2022 @t1","2"
"a","Backspace",,,"204978","#3.py","1.1.2 for 2021-2022 @t1","2"
"e","","s","145","204980","#3.py","1.1.2 for 2021-2022 @t1","2"
"a","Backspace",,,"205164","#3.py","1.1.2 for 2021-2022 @t1","2"
"e","","i","144","205167","#3.py","1.1.2 for 2021-2022 @t1","2"
"e","s","","144","205725","#3.py","1.1.2 for 2021-2022 @t1","2"
"k","s",,"145","205725","#3.py","1.1.2 for 2021-2022 @t1","2"
"e"," ","","145","205742","#3.py","1.1.2 for 2021-2022 @t1","2"
"e",""," ","145","205965","#3.py","1.1.2 for 2021-2022 @t1","2"
"e","t","","145","205966","#3.py","1.1.2 for 2021-2022 @t1","2"
"k","t",,"146","205983","#3.py","1.1.2 for 2021-2022 @t1","2"
"k","p",,"153","213027","#3.py","1.1.2 for 2021-2022 @t1","2"
"e","p","","152","213026","#3.py","1.1.2 for 2021-2022 @t1","2"
"e","","t","145","213050","#3.py","1.1.2 for 2021-2022 @t1","2"
"e"," ","","145","213051","#3.py","1.1.2 for 2021-2022 @t1","2"
"e"," ","","153","213052","#3.py","1.1.2 for 2021-2022 @t1","2"
"e",""," ","145","213050","#3.py","1.1.2 for 2021-2022 @t1","2"
"e","t","","145","213051","#3.py","1.1.2 for 2021-2022 @t1","2"
"e",""," ","153","213211","#3.py","1.1.2 for 2021-2022 @t1","2"
"e","r","","153","213212","#3.py","1.1.2 for 2021-2022 @t1","2"
"k","r",,"154","213222","#3.py","1.1.2 for 2021-2022 @t1","2"
"e","i","","154","213353","#3.py","1.1.2 for 2021-2022 @t1","2"
"k","i",,"155","213370","#3.py","1.1.2 for 2021-2022 @t1","2"
"e","n","","155","213432","#3.py","1.1.2 for 2021-2022 @t1","2"
"k","n",,"156","213442","#3.py","1.1.2 for 2021-2022 @t1","2"
"e","t","","156","213496","#3.py","1.1.2 for 2021-2022 @t1","2"
"k","t",,"157","213502","#3.py","1.1.2 for 2021-2022 @t1","2"
"e","(","","157","214575","#3.py","1.1.2 for 2021-2022 @t1","2"
"e",")","","158","214578","#3.py","1.1.2 for 2021-2022 @t1","2"
"k","(",,"158","214581","#3.py","1.1.2 for 2021-2022 @t1","2"
"e","i","","158","214945","#3.py","1.1.2 for 2021-2022 @t1","2"
"k","i",,"159","214945","#3.py","1.1.2 for 2021-2022 @t1","2"
"e"," ","","159","214963","#3.py","1.1.2 for 2021-2022 @t1","2"
"r","Start",,,"219083","#3.py","1.1.2 for 2021-2022 @t1","2"
"r","Exit","0",,"219083","#3.py","1.1.2 for 2021-2022 @t1","2"
"e","r","","143","232821","#3.py","1.1.2 for 2021-2022 @t1","2"
"e",""," ","160","232821","#3.py","1.1.2 for 2021-2022 @t1","2"
"k","r",,"144","232821","#3.py","1.1.2 for 2021-2022 @t1","2"
"e","","r","143","232866","#3.py","1.1.2 for 2021-2022 @t1","2"
"e","r ","","143","232866","#3.py","1.1.2 for 2021-2022 @t1","2"
"e",""," ","144","233059","#3.py","1.1.2 for 2021-2022 @t1","2"
"e","a","","144","233060","#3.py","1.1.2 for 2021-2022 @t1","2"
"k","a",,"145","233075","#3.py","1.1.2 for 2021-2022 @t1","2"
"e"," ","","145","233098","#3.py","1.1.2 for 2021-2022 @t1","2"
"e",""," ","145","233112","#3.py","1.1.2 for 2021-2022 @t1","2"
"e","n","","145","233113","#3.py","1.1.2 for 2021-2022 @t1","2"
"k","n",,"146","233120","#3.py","1.1.2 for 2021-2022 @t1","2"
"e"," ","","146","233153","#3.py","1.1.2 for 2021-2022 @t1","2"
"e",""," ","146","233300","#3.py","1.1.2 for 2021-2022 @t1","2"
"e","g","","146","233301","#3.py","1.1.2 for 2021-2022 @t1","2"
"k","g",,"147","233306","#3.py","1.1.2 for 2021-2022 @t1","2"
"e","e","","147","234498","#3.py","1.1.2 for 2021-2022 @t1","2"
"k","e",,"148","234512","#3.py","1.1.2 for 2021-2022 @t1","2"
"e","(","","148","234928","#3.py","1.1.2 for 2021-2022 @t1","2"
"k","(",,"149","234928","#3.py","1.1.2 for 2021-2022 @t1","2"
"e",")","","152","236995","#3.py","1.1.2 for 2021-2022 @t1","2"
"k",")",,"153","236996","#3.py","1.1.2 for 2021-2022 @t1","2"
"r","Start",,,"239301","#3.py","1.1.2 for 2021-2022 @t1","2"
"r","Exit","1",,"239302","#3.py","1.1.2 for 2021-2022 @t1","2"
"e","","i in range(lst)","138","246641","#3.py","1.1.2 for 2021-2022 @t1","2"
"e","l","","138","246642","#3.py","1.1.2 for 2021-2022 @t1","2"
"k","l",,"139","246642","#3.py","1.1.2 for 2021-2022 @t1","2"
"e","","l","138","246666","#3.py","1.1.2 for 2021-2022 @t1","2"
"e","i ","","138","246667","#3.py","1.1.2 for 2021-2022 @t1","2"
"e","","i","138","246666","#3.py","1.1.2 for 2021-2022 @t1","2"
"e","l","","138","246667","#3.py","1.1.2 for 2021-2022 @t1","2"
"e",""," ","139","246785","#3.py","1.1.2 for 2021-2022 @t1","2"
"e","s","","139","246786","#3.py","1.1.2 for 2021-2022 @t1","2"
"k","s",,"140","246794","#3.py","1.1.2 for 2021-2022 @t1","2"
"e","t","","140","247021","#3.py","1.1.2 for 2021-2022 @t1","2"
"k","t",,"141","247041","#3.py","1.1.2 for 2021-2022 @t1","2"
"e","","lst","138","251798","#3.py","1.1.2 for 2021-2022 @t1","2"
"e","i","","138","251800","#3.py","1.1.2 for 2021-2022 @t1","2"
"k","i",,"139","251800","#3.py","1.1.2 for 2021-2022 @t1","2"
"e"," ","","139","251817","#3.py","1.1.2 for 2021-2022 @t1","2"
"e",""," ","139","252020","#3.py","1.1.2 for 2021-2022 @t1","2"
"e"," ","","139","252031","#3.py","1.1.2 for 2021-2022 @t1","2"
"k"," ",,"140","252031","#3.py","1.1.2 for 2021-2022 @t1","2"
"e","i","","140","252215","#3.py","1.1.2 for 2021-2022 @t1","2"
"k","i",,"141","252215","#3.py","1.1.2 for 2021-2022 @t1","2"
"e"," ","","141","252228","#3.py","1.1.2 for 2021-2022 @t1","2"
"e",""," ","141","252292","#3.py","1.1.2 for 2021-2022 @t1","2"
"e","n","","141","252293","#3.py","1.1.2 for 2021-2022 @t1","2"
"k","n",,"142","252292","#3.py","1.1.2 for 2021-2022 @t1","2"
"e"," ","","142","252309","#3.py","1.1.2 for 2021-2022 @t1","2"
"e",""," ","142","252438","#3.py","1.1.2 for 2021-2022 @t1","2"
"e"," ","","142","252444","#3.py","1.1.2 for 2021-2022 @t1","2"
"k"," ",,"143","252445","#3.py","1.1.2 for 2021-2022 @t1","2"
"e","l","","143","254229","#3.py","1.1.2 for 2021-2022 @t1","2"
"k","l",,"144","254230","#3.py","1.1.2 for 2021-2022 @t1","2"
"e"," ","","144","254247","#3.py","1.1.2 for 2021-2022 @t1","2"
"e",""," ","144","254298","#3.py","1.1.2 for 2021-2022 @t1","2"
"e","s","","144","254299","#3.py","1.1.2 for 2021-2022 @t1","2"
"k","s",,"145","254299","#3.py","1.1.2 for 2021-2022 @t1","2"
"e"," ","","145","254311","#3.py","1.1.2 for 2021-2022 @t1","2"
"e",""," ","145","254501","#3.py","1.1.2 for 2021-2022 @t1","2"
"e","t","","145","254502","#3.py","1.1.2 for 2021-2022 @t1","2"
"k","t",,"146","254519","#3.py","1.1.2 for 2021-2022 @t1","2"
"r","Start",,,"257057","#3.py","1.1.2 for 2021-2022 @t1","2"
"r","Exit","0",,"257057","#3.py","1.1.2 for 2021-2022 @t1","2"
"a","ShowYourWork Init","","","000","ShowYourWork Init","1.1.2 for 2021-2022 @t1","3"
"a","Backspace",,,"984","#3.py","1.1.2 for 2021-2022 @t1","3"
"e","","def func(values):
    values[1] = ""Cat""

lst = [1, 2, 3, 4, 5]
func(lst)
print(lst)

for i in lst:
    print(i)","49","1075","#3.py","1.1.2 for 2021-2022 @t1","3"
"a","Paste",,,"9732","#3.py","1.1.2 for 2021-2022 @t1","3"
"p","lst = [[1, 2, 3], [4, 5, 6]]

for i in range(len(lst)):
    for j in range(len(lst[i]) - 1):
        print(lst[i][j], end="" "")",,"49","9860","#3.py","1.1.2 for 2021-2022 @t1","3"
"e","lst = [[1, 2, 3], [4, 5, 6]]

for i in range(len(lst)):
    for j in range(len(lst[i]) - 1):
        print(lst[i][j], end="" "")","","49","9877","#3.py","1.1.2 for 2021-2022 @t1","3"
"r","Start",,,"14812","#3.py","1.1.2 for 2021-2022 @t1","3"
"r","Exit","0",,"14812","#3.py","1.1.2 for 2021-2022 @t1","3"
"a","Copy",,,"51758","#3.py","1.1.2 for 2021-2022 @t1","3"
"c","lst = [[1, 2, 3], [4, 5, 6]]

for i in range(len(lst)):
    for j in range(len(lst[i]) - 1):
        print(lst[i][j], end="" "")",,"49","51782","#3.py","1.1.2 for 2021-2022 @t1","3"
"a","Paste",,,"52634","#3.py","1.1.2 for 2021-2022 @t1","3"
"p","lst = [[1, 2, 3], [4, 5, 6]]

for i in range(len(lst)):
    for j in range(len(lst[i]) - 1):
        print(lst[i][j], end="" "")",,"49","52636","#3.py","1.1.2 for 2021-2022 @t1","3"
"r","Start",,,"56249","#3.py","1.1.2 for 2021-2022 @t1","3"
"r","Exit","0",,"56249","#3.py","1.1.2 for 2021-2022 @t1","3"
"a","Backspace",,,"74780","#3.py","1.1.2 for 2021-2022 @t1","3"
"e","","
lst = [[1, 2, 3], [4, 5, 6]]

for i in range(len(lst)):
    for j in range(len(lst[i]) - 1):
        print(lst[i][j], end="" "")","48","74799","#3.py","1.1.2 for 2021-2022 @t1","3"
"a","Enter",,,"75603","#3.py","1.1.2 for 2021-2022 @t1","3"
"e","
","","48","75650","#3.py","1.1.2 for 2021-2022 @t1","3"
"a","Paste",,,"76327","#3.py","1.1.2 for 2021-2022 @t1","3"
"p","What does the following code output?

lst = [[1, 2, 3], [4, 5, 6]]

for x in range(len(lst[0])):
    for y in range(len(lst)):
        print(lst[y][x], end="" "")",,"49","76332","#3.py","1.1.2 for 2021-2022 @t1","3"
"e","What does the following code output?

lst = [[1, 2, 3], [4, 5, 6]]

for x in range(len(lst[0])):
    for y in range(len(lst)):
        print(lst[y][x], end="" "")","","49","76335","#3.py","1.1.2 for 2021-2022 @t1","3"
"a","Enter",,,"77460","#3.py","1.1.2 for 2021-2022 @t1","3"
"e","
        ","","209","77475","#3.py","1.1.2 for 2021-2022 @t1","3"
"a","Backspace",,,"80208","#3.py","1.1.2 for 2021-2022 @t1","3"
"e","","What does the following code output?","49","80222","#3.py","1.1.2 for 2021-2022 @t1","3"
"a","Backspace",,,"80686","#3.py","1.1.2 for 2021-2022 @t1","3"
"e","","
","50","80695","#3.py","1.1.2 for 2021-2022 @t1","3"
"e","","        ","173","82685","#3.py","1.1.2 for 2021-2022 @t1","3"
"r","Start",,,"82818","#3.py","1.1.2 for 2021-2022 @t1","3"
"r","Exit","0",,"82818","#3.py","1.1.2 for 2021-2022 @t1","3"
"a","Paste",,,"144295","#3.py","1.1.2 for 2021-2022 @t1","3"
"p","def sampleFunction(value):
    if value == 0:
        return 1
    else:
        return sampleFunction(value)",,"50","144302","#3.py","1.1.2 for 2021-2022 @t1","3"
"e","","lst = [[1, 2, 3], [4, 5, 6]]

for x in range(len(lst[0])):
    for y in range(len(lst)):
        print(lst[y][x], end="" ""","50","144310","#3.py","1.1.2 for 2021-2022 @t1","3"
"e","def sampleFunction(value):
    if value == 0:
        return 1
    else:
        return sampleFunction(value","","50","144311","#3.py","1.1.2 for 2021-2022 @t1","3"
"r","Start",,,"146633","#3.py","1.1.2 for 2021-2022 @t1","3"
"r","Exit","0",,"146634","#3.py","1.1.2 for 2021-2022 @t1","3"
