"r","Start",,,"157871308","chessboard.py","1.1.2 for 2021-2022 @t1","0"
"r","Exit","1",,"157875940","chessboard.py","1.1.2 for 2021-2022 @t1","0"
"a","Backspace",,,"157924825","chessboard.py","1.1.2 for 2021-2022 @t1","0"
"e","# Paige Davidson
# CS1400 - MO1
# Assignment ??

# Define drawChessboard() with appropriate parameters
#  This function should draw the outline of the board, then call drawAllRectangles()
# Define drawAllRectangles() with appropriate parameters
# This should handle drawing all the black rectangles by calling drawRectangle()
# Note: It may be easiest to call this function twice, but not required
# Define drawRectangle() with appropriate parameters
# This should draw a single black rectangle
# This function will be called many times with a loop!
import turtle


def drawChessboard(startX, startY, height, width):
    turtle.penup()
    turtle.goto(startX, startY)
    turtle.pendown()
    turtle.color(""black"")
    turtle.goto(startX + width, startY)
    turtle.goto(startX + width, startY + height)
    turtle.goto(startX, startY + height)
    turtle.goto(startX, startY)
    turtle.hideturtle()
    turtle.done()
    drawAllRectangles(startX, startY, height, width)


def drawAllRectangles(x, y, height, width):
    for i in range(0, width):
        if height == """" and width == """":
            height = 250
            width = 250
        else:
            width = width
            height = height

        drawRectangle()


def drawRectangle(x, y, height, width):
    turtle.penup()
    turtle.goto(x, y)
    turtle.pendown()
    turtle.color(""black"")
    turtle.begin_fill()
    turtle.goto(x + width, y)
    turtle.goto(x + width, y + height)
    turtle.goto(x, y + height)
    turtle.goto(x, y)
    turtle.end_fill()
    turtle.hideturtle()
    turtle.done()


#drawRectangle(4, 5, 250, 250)
drawChessboard(4, 5, 250, 250)
","","0","157924827","chessboard.py","1.1.2 for 2021-2022 @t1","0"
"a","Backspace",,,"157925948","chessboard.py","1.1.2 for 2021-2022 @t1","0"
"e","","#","1573","157925950","chessboard.py","1.1.2 for 2021-2022 @t1","0"
"r","Start",,,"157928524","chessboard.py","1.1.2 for 2021-2022 @t1","0"
"r","Exit","1",,"157932926","chessboard.py","1.1.2 for 2021-2022 @t1","0"
"e","r","","1257","160331427","chessboard.py","1.1.2 for 2021-2022 @t1","0"
"k","r",,"1258","160331428","chessboard.py","1.1.2 for 2021-2022 @t1","0"
"e"," ","","1258","160331495","chessboard.py","1.1.2 for 2021-2022 @t1","0"
"e",""," ","1258","160331548","chessboard.py","1.1.2 for 2021-2022 @t1","0"
"e","e","","1258","160331549","chessboard.py","1.1.2 for 2021-2022 @t1","0"
"k","e",,"1259","160331550","chessboard.py","1.1.2 for 2021-2022 @t1","0"
"e"," ","","1259","160331620","chessboard.py","1.1.2 for 2021-2022 @t1","0"
"e",""," ","1259","160331759","chessboard.py","1.1.2 for 2021-2022 @t1","0"
"e","c","","1259","160331760","chessboard.py","1.1.2 for 2021-2022 @t1","0"
"k","c",,"1260","160331760","chessboard.py","1.1.2 for 2021-2022 @t1","0"
"e","","rec","1257","160332195","chessboard.py","1.1.2 for 2021-2022 @t1","0"
"e","rect","","1257","160332580","chessboard.py","1.1.2 for 2021-2022 @t1","0"
"k","t",,"1261","160332581","chessboard.py","1.1.2 for 2021-2022 @t1","0"
"e","a","","1261","160332981","chessboard.py","1.1.2 for 2021-2022 @t1","0"
"k","a",,"1262","160332982","chessboard.py","1.1.2 for 2021-2022 @t1","0"
"e","n","","1262","160333904","chessboard.py","1.1.2 for 2021-2022 @t1","0"
"k","n",,"1263","160333905","chessboard.py","1.1.2 for 2021-2022 @t1","0"
"e","g","","1263","160334367","chessboard.py","1.1.2 for 2021-2022 @t1","0"
"k","g",,"1264","160334368","chessboard.py","1.1.2 for 2021-2022 @t1","0"
"e","l","","1264","160334439","chessboard.py","1.1.2 for 2021-2022 @t1","0"
"k","l",,"1265","160334439","chessboard.py","1.1.2 for 2021-2022 @t1","0"
"e","e","","1265","160334550","chessboard.py","1.1.2 for 2021-2022 @t1","0"
"k","e",,"1266","160334551","chessboard.py","1.1.2 for 2021-2022 @t1","0"
"a","Backspace",,,"160344652","chessboard.py","1.1.2 for 2021-2022 @t1","0"
"e","","h","1266","160344653","chessboard.py","1.1.2 for 2021-2022 @t1","0"
"e","H","","1266","160345105","chessboard.py","1.1.2 for 2021-2022 @t1","0"
"k","H",,"1267","160345106","chessboard.py","1.1.2 for 2021-2022 @t1","0"
"e","","ctangleH","1259","160345134","chessboard.py","1.1.2 for 2021-2022 @t1","0"
"e"," ","","1259","160345135","chessboard.py","1.1.2 for 2021-2022 @t1","0"
"e","ctangleH","","1259","160345135","chessboard.py","1.1.2 for 2021-2022 @t1","0"
"e",""," ","1267","160347942","chessboard.py","1.1.2 for 2021-2022 @t1","0"
"e","r","","1274","160347943","chessboard.py","1.1.2 for 2021-2022 @t1","0"
"k","r",,"1275","160347942","chessboard.py","1.1.2 for 2021-2022 @t1","0"
"e","","eight, r","1267","160347992","chessboard.py","1.1.2 for 2021-2022 @t1","0"
"e"," ","","1267","160347993","chessboard.py","1.1.2 for 2021-2022 @t1","0"
"e","eight, r","","1267","160347993","chessboard.py","1.1.2 for 2021-2022 @t1","0"
"e",""," ","1275","160348042","chessboard.py","1.1.2 for 2021-2022 @t1","0"
"e","e","","1275","160348043","chessboard.py","1.1.2 for 2021-2022 @t1","0"
"k","e",,"1276","160348043","chessboard.py","1.1.2 for 2021-2022 @t1","0"
"e","c","","1276","160348283","chessboard.py","1.1.2 for 2021-2022 @t1","0"
"k","c",,"1277","160348283","chessboard.py","1.1.2 for 2021-2022 @t1","0"
"e","t","","1277","160348946","chessboard.py","1.1.2 for 2021-2022 @t1","0"
"k","t",,"1278","160348946","chessboard.py","1.1.2 for 2021-2022 @t1","0"
"e","a","","1278","160349681","chessboard.py","1.1.2 for 2021-2022 @t1","0"
"k","a",,"1279","160349682","chessboard.py","1.1.2 for 2021-2022 @t1","0"
"e","n","","1279","160349853","chessboard.py","1.1.2 for 2021-2022 @t1","0"
"k","n",,"1280","160349854","chessboard.py","1.1.2 for 2021-2022 @t1","0"
"e","g","","1280","160350047","chessboard.py","1.1.2 for 2021-2022 @t1","0"
"k","g",,"1281","160350048","chessboard.py","1.1.2 for 2021-2022 @t1","0"
"e","l","","1281","160350154","chessboard.py","1.1.2 for 2021-2022 @t1","0"
"k","l",,"1282","160350154","chessboard.py","1.1.2 for 2021-2022 @t1","0"
"e","e","","1282","160350295","chessboard.py","1.1.2 for 2021-2022 @t1","0"
"k","e",,"1283","160350296","chessboard.py","1.1.2 for 2021-2022 @t1","0"
"a","Right",,,"160351467","chessboard.py","1.1.2 for 2021-2022 @t1","0"
"a","Backspace",,,"160351777","chessboard.py","1.1.2 for 2021-2022 @t1","0"
"e","","w","1283","160351778","chessboard.py","1.1.2 for 2021-2022 @t1","0"
"e","W","","1283","160352263","chessboard.py","1.1.2 for 2021-2022 @t1","0"
"k","W",,"1284","160352264","chessboard.py","1.1.2 for 2021-2022 @t1","0"
"e","","ectangleW","1275","160352301","chessboard.py","1.1.2 for 2021-2022 @t1","0"
"e"," ","","1275","160352302","chessboard.py","1.1.2 for 2021-2022 @t1","0"
"e","ectangleW","","1275","160352301","chessboard.py","1.1.2 for 2021-2022 @t1","0"
"a","Copy",,,"160355747","chessboard.py","1.1.2 for 2021-2022 @t1","0"
"c","rectangleHeight",,"1257","160355749","chessboard.py","1.1.2 for 2021-2022 @t1","0"
"a","Paste",,,"160359044","chessboard.py","1.1.2 for 2021-2022 @t1","0"
"p","rectangleHeight",,"1470","160359045","chessboard.py","1.1.2 for 2021-2022 @t1","0"
"e",""," ","1284","160359047","chessboard.py","1.1.2 for 2021-2022 @t1","0"
"e","","","1291","160359048","chessboard.py","1.1.2 for 2021-2022 @t1","0"
"e","","h","1464","160359047","chessboard.py","1.1.2 for 2021-2022 @t1","0"
"e","rectangleH","","1464","160359048","chessboard.py","1.1.2 for 2021-2022 @t1","0"
"a","Paste",,,"160362942","chessboard.py","1.1.2 for 2021-2022 @t1","0"
"p","rectangleHeight",,"1510","160362943","chessboard.py","1.1.2 for 2021-2022 @t1","0"
"e","","h","1504","160362944","chessboard.py","1.1.2 for 2021-2022 @t1","0"
"e","rectangleH","","1504","160362945","chessboard.py","1.1.2 for 2021-2022 @t1","0"
"a","Copy",,,"160366930","chessboard.py","1.1.2 for 2021-2022 @t1","0"
"c","rectangleWidth",,"1274","160366933","chessboard.py","1.1.2 for 2021-2022 @t1","0"
"a","Paste",,,"160370303","chessboard.py","1.1.2 for 2021-2022 @t1","0"
"p","rectangleWidth",,"1428","160370305","chessboard.py","1.1.2 for 2021-2022 @t1","0"
"e","","w","1423","160370306","chessboard.py","1.1.2 for 2021-2022 @t1","0"
"e","rectangleW","","1423","160370307","chessboard.py","1.1.2 for 2021-2022 @t1","0"
"a","Paste",,,"160373592","chessboard.py","1.1.2 for 2021-2022 @t1","0"
"p","rectangleWidth",,"1467","160373592","chessboard.py","1.1.2 for 2021-2022 @t1","0"
"e","","w","1462","160373593","chessboard.py","1.1.2 for 2021-2022 @t1","0"
"e","rectangleW","","1462","160373594","chessboard.py","1.1.2 for 2021-2022 @t1","0"
"e","x","","1229","160460214","chessboard.py","1.1.2 for 2021-2022 @t1","0"
"k","x",,"1230","160460215","chessboard.py","1.1.2 for 2021-2022 @t1","0"
"e"," ","","1230","160460235","chessboard.py","1.1.2 for 2021-2022 @t1","0"
"e",""," ","1230","160460500","chessboard.py","1.1.2 for 2021-2022 @t1","0"
"e",",","","1230","160460501","chessboard.py","1.1.2 for 2021-2022 @t1","0"
"k",",",,"1231","160460500","chessboard.py","1.1.2 for 2021-2022 @t1","0"
"e"," ","","1231","160460590","chessboard.py","1.1.2 for 2021-2022 @t1","0"
"k"," ",,"1232","160460590","chessboard.py","1.1.2 for 2021-2022 @t1","0"
"e","y","","1232","160460833","chessboard.py","1.1.2 for 2021-2022 @t1","0"
"k","y",,"1233","160460833","chessboard.py","1.1.2 for 2021-2022 @t1","0"
"e"," ","","1233","160460857","chessboard.py","1.1.2 for 2021-2022 @t1","0"
"e",""," ","1233","160461408","chessboard.py","1.1.2 for 2021-2022 @t1","0"
"e",",","","1233","160461409","chessboard.py","1.1.2 for 2021-2022 @t1","0"
"k",",",,"1234","160461408","chessboard.py","1.1.2 for 2021-2022 @t1","0"
"e"," ","","1234","160461535","chessboard.py","1.1.2 for 2021-2022 @t1","0"
"k"," ",,"1235","160461536","chessboard.py","1.1.2 for 2021-2022 @t1","0"
"a","Enter",,,"160473995","chessboard.py","1.1.2 for 2021-2022 @t1","0"
"e","        
","","1237","160473998","chessboard.py","1.1.2 for 2021-2022 @t1","0"
"e","x","","1245","160476293","chessboard.py","1.1.2 for 2021-2022 @t1","0"
"k","x",,"1246","160476293","chessboard.py","1.1.2 for 2021-2022 @t1","0"
"e"," ","","1246","160476309","chessboard.py","1.1.2 for 2021-2022 @t1","0"
"e",""," ","1246","160477028","chessboard.py","1.1.2 for 2021-2022 @t1","0"
"e"," ","","1246","160477034","chessboard.py","1.1.2 for 2021-2022 @t1","0"
"k"," ",,"1247","160477035","chessboard.py","1.1.2 for 2021-2022 @t1","0"
"e","=","","1247","160477836","chessboard.py","1.1.2 for 2021-2022 @t1","0"
"k","=",,"1248","160477836","chessboard.py","1.1.2 for 2021-2022 @t1","0"
"a","Backspace",,,"160479304","chessboard.py","1.1.2 for 2021-2022 @t1","0"
"e","","=","1247","160479306","chessboard.py","1.1.2 for 2021-2022 @t1","0"
"e","+","","1247","160480080","chessboard.py","1.1.2 for 2021-2022 @t1","0"
"k","+",,"1248","160480081","chessboard.py","1.1.2 for 2021-2022 @t1","0"
"e","=","","1248","160480389","chessboard.py","1.1.2 for 2021-2022 @t1","0"
"k","=",,"1249","160480390","chessboard.py","1.1.2 for 2021-2022 @t1","0"
"e"," ","","1249","160480938","chessboard.py","1.1.2 for 2021-2022 @t1","0"
"k"," ",,"1250","160480938","chessboard.py","1.1.2 for 2021-2022 @t1","0"
"e","1","","1250","160483666","chessboard.py","1.1.2 for 2021-2022 @t1","0"
"k","1",,"1251","160483667","chessboard.py","1.1.2 for 2021-2022 @t1","0"
"e","w","","1235","160491554","chessboard.py","1.1.2 for 2021-2022 @t1","0"
"k","w",,"1236","160491555","chessboard.py","1.1.2 for 2021-2022 @t1","0"
"e"," ","","1236","160491568","chessboard.py","1.1.2 for 2021-2022 @t1","0"
"e",""," ","1236","160491684","chessboard.py","1.1.2 for 2021-2022 @t1","0"
"e","d","","1236","160491685","chessboard.py","1.1.2 for 2021-2022 @t1","0"
"k","d",,"1237","160491699","chessboard.py","1.1.2 for 2021-2022 @t1","0"
"e","i","","1237","160491825","chessboard.py","1.1.2 for 2021-2022 @t1","0"
"k","i",,"1238","160491845","chessboard.py","1.1.2 for 2021-2022 @t1","0"
"e","t","","1238","160492026","chessboard.py","1.1.2 for 2021-2022 @t1","0"
"k","t",,"1239","160492026","chessboard.py","1.1.2 for 2021-2022 @t1","0"
"e","h","","1239","160492137","chessboard.py","1.1.2 for 2021-2022 @t1","0"
"k","h",,"1240","160492137","chessboard.py","1.1.2 for 2021-2022 @t1","0"
"a","Backspace",,,"160493039","chessboard.py","1.1.2 for 2021-2022 @t1","0"
"e","","h","1239","160493041","chessboard.py","1.1.2 for 2021-2022 @t1","0"
"a","Backspace",,,"160493209","chessboard.py","1.1.2 for 2021-2022 @t1","0"
"e","","t","1238","160493210","chessboard.py","1.1.2 for 2021-2022 @t1","0"
"a","Backspace",,,"160493370","chessboard.py","1.1.2 for 2021-2022 @t1","0"
"e","","i","1237","160493372","chessboard.py","1.1.2 for 2021-2022 @t1","0"
"a","Backspace",,,"160493519","chessboard.py","1.1.2 for 2021-2022 @t1","0"
"e","","d","1236","160493521","chessboard.py","1.1.2 for 2021-2022 @t1","0"
"e","i","","1236","160494093","chessboard.py","1.1.2 for 2021-2022 @t1","0"
"k","i",,"1237","160494094","chessboard.py","1.1.2 for 2021-2022 @t1","0"
"e"," ","","1237","160494122","chessboard.py","1.1.2 for 2021-2022 @t1","0"
"e",""," ","1237","160494495","chessboard.py","1.1.2 for 2021-2022 @t1","0"
"e","d","","1237","160494496","chessboard.py","1.1.2 for 2021-2022 @t1","0"
"k","d",,"1238","160494504","chessboard.py","1.1.2 for 2021-2022 @t1","0"
"e","t","","1238","160494722","chessboard.py","1.1.2 for 2021-2022 @t1","0"
"k","t",,"1239","160494725","chessboard.py","1.1.2 for 2021-2022 @t1","0"
"e","h","","1239","160494807","chessboard.py","1.1.2 for 2021-2022 @t1","0"
"k","h",,"1240","160494810","chessboard.py","1.1.2 for 2021-2022 @t1","0"
"e","/","","1240","160498767","chessboard.py","1.1.2 for 2021-2022 @t1","0"
"k","/",,"1241","160498767","chessboard.py","1.1.2 for 2021-2022 @t1","0"
"a","Backspace",,,"160516415","chessboard.py","1.1.2 for 2021-2022 @t1","0"
"e","","/","1240","160516417","chessboard.py","1.1.2 for 2021-2022 @t1","0"
"a","Backspace",,,"160516552","chessboard.py","1.1.2 for 2021-2022 @t1","0"
"e","","h","1239","160516553","chessboard.py","1.1.2 for 2021-2022 @t1","0"
"a","Backspace",,,"160516696","chessboard.py","1.1.2 for 2021-2022 @t1","0"
"e","","t","1238","160516698","chessboard.py","1.1.2 for 2021-2022 @t1","0"
"a","Backspace",,,"160516849","chessboard.py","1.1.2 for 2021-2022 @t1","0"
"e","","d","1237","160516862","chessboard.py","1.1.2 for 2021-2022 @t1","0"
"a","Backspace",,,"160517230","chessboard.py","1.1.2 for 2021-2022 @t1","0"
"e","","i","1236","160517234","chessboard.py","1.1.2 for 2021-2022 @t1","0"
"a","Backspace",,,"160517464","chessboard.py","1.1.2 for 2021-2022 @t1","0"
"e","","w","1235","160517465","chessboard.py","1.1.2 for 2021-2022 @t1","0"
"e","h","","1235","160518622","chessboard.py","1.1.2 for 2021-2022 @t1","0"
"k","h",,"1236","160518623","chessboard.py","1.1.2 for 2021-2022 @t1","0"
"e"," ","","1236","160518638","chessboard.py","1.1.2 for 2021-2022 @t1","0"
"e",""," ","1236","160518761","chessboard.py","1.1.2 for 2021-2022 @t1","0"
"e","e","","1236","160518762","chessboard.py","1.1.2 for 2021-2022 @t1","0"
"k","e",,"1237","160518774","chessboard.py","1.1.2 for 2021-2022 @t1","0"
"e","i","","1237","160518958","chessboard.py","1.1.2 for 2021-2022 @t1","0"
"k","i",,"1238","160518971","chessboard.py","1.1.2 for 2021-2022 @t1","0"
"e","g","","1238","160519203","chessboard.py","1.1.2 for 2021-2022 @t1","0"
"k","g",,"1239","160519206","chessboard.py","1.1.2 for 2021-2022 @t1","0"
"e","h","","1239","160519324","chessboard.py","1.1.2 for 2021-2022 @t1","0"
"k","h",,"1240","160519327","chessboard.py","1.1.2 for 2021-2022 @t1","0"
"e","t","","1240","160519956","chessboard.py","1.1.2 for 2021-2022 @t1","0"
"k","t",,"1241","160519960","chessboard.py","1.1.2 for 2021-2022 @t1","0"
"e","/","","1241","160521171","chessboard.py","1.1.2 for 2021-2022 @t1","0"
"k","/",,"1242","160521171","chessboard.py","1.1.2 for 2021-2022 @t1","0"
"e","w","","1242","160525526","chessboard.py","1.1.2 for 2021-2022 @t1","0"
"k","w",,"1243","160525527","chessboard.py","1.1.2 for 2021-2022 @t1","0"
"e"," ","","1243","160525543","chessboard.py","1.1.2 for 2021-2022 @t1","0"
"e",""," ","1243","160525631","chessboard.py","1.1.2 for 2021-2022 @t1","0"
"e","i","","1243","160525632","chessboard.py","1.1.2 for 2021-2022 @t1","0"
"k","i",,"1244","160525651","chessboard.py","1.1.2 for 2021-2022 @t1","0"
"e","d","","1244","160525765","chessboard.py","1.1.2 for 2021-2022 @t1","0"
"k","d",,"1245","160525777","chessboard.py","1.1.2 for 2021-2022 @t1","0"
"e","h","","1245","160525925","chessboard.py","1.1.2 for 2021-2022 @t1","0"
"k","h",,"1246","160525939","chessboard.py","1.1.2 for 2021-2022 @t1","0"
"e","t","","1246","160526022","chessboard.py","1.1.2 for 2021-2022 @t1","0"
"k","t",,"1247","160526022","chessboard.py","1.1.2 for 2021-2022 @t1","0"
"a","Backspace",,,"160527206","chessboard.py","1.1.2 for 2021-2022 @t1","0"
"e","","t","1246","160527208","chessboard.py","1.1.2 for 2021-2022 @t1","0"
"a","Backspace",,,"160527365","chessboard.py","1.1.2 for 2021-2022 @t1","0"
"e","","h","1245","160527367","chessboard.py","1.1.2 for 2021-2022 @t1","0"
"e","t","","1245","160527932","chessboard.py","1.1.2 for 2021-2022 @t1","0"
"k","t",,"1246","160527932","chessboard.py","1.1.2 for 2021-2022 @t1","0"
"e"," ","","1246","160527954","chessboard.py","1.1.2 for 2021-2022 @t1","0"
"e",""," ","1246","160528019","chessboard.py","1.1.2 for 2021-2022 @t1","0"
"e","h","","1246","160528020","chessboard.py","1.1.2 for 2021-2022 @t1","0"
"k","h",,"1247","160528039","chessboard.py","1.1.2 for 2021-2022 @t1","0"
"e",",","","1247","160528318","chessboard.py","1.1.2 for 2021-2022 @t1","0"
"k",",",,"1248","160528318","chessboard.py","1.1.2 for 2021-2022 @t1","0"
"e"," ","","1248","160528468","chessboard.py","1.1.2 for 2021-2022 @t1","0"
"k"," ",,"1249","160528469","chessboard.py","1.1.2 for 2021-2022 @t1","0"
"e","w","","1249","160529312","chessboard.py","1.1.2 for 2021-2022 @t1","0"
"k","w",,"1250","160529313","chessboard.py","1.1.2 for 2021-2022 @t1","0"
"e"," ","","1250","160529341","chessboard.py","1.1.2 for 2021-2022 @t1","0"
"e",""," ","1250","160529436","chessboard.py","1.1.2 for 2021-2022 @t1","0"
"e","i","","1250","160529437","chessboard.py","1.1.2 for 2021-2022 @t1","0"
"k","i",,"1251","160529453","chessboard.py","1.1.2 for 2021-2022 @t1","0"
"e","d","","1251","160530040","chessboard.py","1.1.2 for 2021-2022 @t1","0"
"k","d",,"1252","160530052","chessboard.py","1.1.2 for 2021-2022 @t1","0"
"e","t","","1252","160530295","chessboard.py","1.1.2 for 2021-2022 @t1","0"
"k","t",,"1253","160530301","chessboard.py","1.1.2 for 2021-2022 @t1","0"
"e","h","","1253","160530372","chessboard.py","1.1.2 for 2021-2022 @t1","0"
"k","h",,"1254","160530377","chessboard.py","1.1.2 for 2021-2022 @t1","0"
"e","/","","1254","160531358","chessboard.py","1.1.2 for 2021-2022 @t1","0"
"k","/",,"1255","160531358","chessboard.py","1.1.2 for 2021-2022 @t1","0"
"e","h","","1255","160532248","chessboard.py","1.1.2 for 2021-2022 @t1","0"
"k","h",,"1256","160532248","chessboard.py","1.1.2 for 2021-2022 @t1","0"
"e"," ","","1256","160532263","chessboard.py","1.1.2 for 2021-2022 @t1","0"
"e",""," ","1256","160532340","chessboard.py","1.1.2 for 2021-2022 @t1","0"
"e","e","","1256","160532341","chessboard.py","1.1.2 for 2021-2022 @t1","0"
"k","e",,"1257","160532345","chessboard.py","1.1.2 for 2021-2022 @t1","0"
"e","i","","1257","160532456","chessboard.py","1.1.2 for 2021-2022 @t1","0"
"k","i",,"1258","160532468","chessboard.py","1.1.2 for 2021-2022 @t1","0"
"e","g","","1258","160532558","chessboard.py","1.1.2 for 2021-2022 @t1","0"
"k","g",,"1259","160532564","chessboard.py","1.1.2 for 2021-2022 @t1","0"
"e","t","","1259","160532826","chessboard.py","1.1.2 for 2021-2022 @t1","0"
"k","t",,"1260","160532838","chessboard.py","1.1.2 for 2021-2022 @t1","0"
"a","Backspace",,,"160533292","chessboard.py","1.1.2 for 2021-2022 @t1","0"
"e","","t","1259","160533300","chessboard.py","1.1.2 for 2021-2022 @t1","0"
"e","h","","1259","160533891","chessboard.py","1.1.2 for 2021-2022 @t1","0"
"k","h",,"1260","160533892","chessboard.py","1.1.2 for 2021-2022 @t1","0"
"e"," ","","1260","160533915","chessboard.py","1.1.2 for 2021-2022 @t1","0"
"e",""," ","1260","160534106","chessboard.py","1.1.2 for 2021-2022 @t1","0"
"e","t","","1260","160534107","chessboard.py","1.1.2 for 2021-2022 @t1","0"
"k","t",,"1261","160534120","chessboard.py","1.1.2 for 2021-2022 @t1","0"
"a","Enter",,,"160560597","chessboard.py","1.1.2 for 2021-2022 @t1","0"
"e","        
","","1278","160560599","chessboard.py","1.1.2 for 2021-2022 @t1","0"
"e","y","","1286","160561514","chessboard.py","1.1.2 for 2021-2022 @t1","0"
"k","y",,"1287","160561515","chessboard.py","1.1.2 for 2021-2022 @t1","0"
"e"," ","","1287","160561535","chessboard.py","1.1.2 for 2021-2022 @t1","0"
"e",""," ","1287","160562071","chessboard.py","1.1.2 for 2021-2022 @t1","0"
"e"," ","","1287","160562080","chessboard.py","1.1.2 for 2021-2022 @t1","0"
"k"," ",,"1288","160562080","chessboard.py","1.1.2 for 2021-2022 @t1","0"
"e","+","","1288","160562538","chessboard.py","1.1.2 for 2021-2022 @t1","0"
"k","+",,"1289","160562539","chessboard.py","1.1.2 for 2021-2022 @t1","0"
"e","=","","1289","160562777","chessboard.py","1.1.2 for 2021-2022 @t1","0"
"k","=",,"1290","160562777","chessboard.py","1.1.2 for 2021-2022 @t1","0"
"e"," ","","1290","160562999","chessboard.py","1.1.2 for 2021-2022 @t1","0"
"k"," ",,"1291","160563000","chessboard.py","1.1.2 for 2021-2022 @t1","0"
"e","1","","1291","160563555","chessboard.py","1.1.2 for 2021-2022 @t1","0"
"k","1",,"1292","160563555","chessboard.py","1.1.2 for 2021-2022 @t1","0"
"a","Backspace",,,"160591973","chessboard.py","1.1.2 for 2021-2022 @t1","0"
"e","","        x += 1
        y += 1","1263","160591975","chessboard.py","1.1.2 for 2021-2022 @t1","0"
"a","Backspace",,,"160592482","chessboard.py","1.1.2 for 2021-2022 @t1","0"
"e","","
","1265","160592487","chessboard.py","1.1.2 for 2021-2022 @t1","0"
"r","Start",,,"160596029","chessboard.py","1.1.2 for 2021-2022 @t1","0"
"r","Exit","1",,"160600895","chessboard.py","1.1.2 for 2021-2022 @t1","0"
"a","Comment with Line Comment",,,"160608934","chessboard.py","1.1.2 for 2021-2022 @t1","0"
"e","# ","","1659","160608936","chessboard.py","1.1.2 for 2021-2022 @t1","0"
"r","Start",,,"160611435","chessboard.py","1.1.2 for 2021-2022 @t1","0"
"r","Exit","1",,"160615332","chessboard.py","1.1.2 for 2021-2022 @t1","0"
"a","EditorChange",,,"160695516","chessboard.py","1.1.2 for 2021-2022 @t1","0"
"a","EditorChange",,,"160712438","chessboard.py","1.1.2 for 2021-2022 @t1","0"
"a","EditorChange",,,"160716471","chessboard.py","1.1.2 for 2021-2022 @t1","0"
"a","EditorChange",,,"160728258","chessboard.py","1.1.2 for 2021-2022 @t1","0"
"a","EditorChange",,,"160734445","chessboard.py","1.1.2 for 2021-2022 @t1","0"
"a","EditorChange",,,"160736056","chessboard.py","1.1.2 for 2021-2022 @t1","0"
